<?xml version="1.0" encoding="UTF-8"?>
<!-- Generated by org.testng.reporters.JUnitReportReporter -->
<testsuite hostname="DESKTOP-6FNI25S" failures="0" tests="1" name="Day3.HeaderDemo_001" time="2.682" errors="0" timestamp="2023-09-01T13:10:04 IST" skipped="0">
  <testcase classname="Day3.HeaderDemo_001" name="GettestHeader2" time="2.682"/>
  <system-out/>
</testsuite> <!-- Day3.HeaderDemo_001 -->
