<?xml version="1.0" encoding="UTF-8"?>
<!-- Generated by org.testng.reporters.JUnitReportReporter -->
<testsuite hostname="DESKTOP-6FNI25S" failures="0" tests="1" name="Day8.CreateUser" time="4.436" errors="0" timestamp="2024-02-06T00:29:48 IST" skipped="0">
  <testcase classname="Day8.CreateUser" name="testCreateUser" time="4.436"/>
  <system-out/>
</testsuite> <!-- Day8.CreateUser -->
