<?xml version="1.0" encoding="UTF-8"?>
<!-- Generated by org.testng.reporters.JUnitReportReporter -->
<testsuite hostname="DESKTOP-6FNI25S" failures="0" tests="1" name="Day3.HeaderDemo" time="2.734" errors="0" timestamp="2023-09-01T12:52:29 IST" skipped="0">
  <testcase classname="Day3.HeaderDemo" name="testHeaders" time="2.734"/>
  <system-out/>
</testsuite> <!-- Day3.HeaderDemo -->
