<?xml version="1.0" encoding="UTF-8"?>
<!-- Generated by org.testng.reporters.JUnitReportReporter -->
<testsuite hostname="DESKTOP-6FNI25S" failures="0" tests="1" name="com.testautomation.apitesting.tests.PostAPIRequest" time="4.187" errors="0" timestamp="2023-10-31T21:59:09 IST" skipped="0">
  <testcase classname="com.testautomation.apitesting.tests.PostAPIRequest" name="createBooking" time="4.187"/>
  <system-out/>
</testsuite> <!-- com.testautomation.apitesting.tests.PostAPIRequest -->
