<?xml version="1.0" encoding="UTF-8"?>
<!-- Generated by org.testng.reporters.JUnitReportReporter -->
<testsuite hostname="DESKTOP-6FNI25S" failures="0" tests="1" name="Day4.ParsingJSONResponseData_001" time="3.327" errors="0" timestamp="2023-09-02T19:00:51 IST" skipped="0">
  <testcase classname="Day4.ParsingJSONResponseData_001" name="testJsonResponse4" time="3.327"/>
  <system-out/>
</testsuite> <!-- Day4.ParsingJSONResponseData_001 -->
