<?xml version="1.0" encoding="UTF-8"?>
<!-- Generated by org.testng.reporters.JUnitReportReporter -->
<testsuite hostname="DESKTOP-6FNI25S" failures="0" tests="1" name="Day7.FakerDataGenerator" time="0.205" errors="0" timestamp="2023-10-31T20:31:38 IST" skipped="0">
  <testcase classname="Day7.FakerDataGenerator" name="testGenerateDummyData" time="0.205"/>
  <system-out/>
</testsuite> <!-- Day7.FakerDataGenerator -->
