<?xml version="1.0" encoding="UTF-8"?>
<!-- Generated by org.testng.reporters.JUnitReportReporter -->
<testsuite hostname="DESKTOP-6FNI25S" failures="0" tests="1" name="Day1.HTTPRequest_001" time="5.023" errors="0" timestamp="2023-10-31T15:42:28 IST" skipped="0">
  <testcase classname="Day1.HTTPRequest_001" name="getUsers" time="5.023"/>
  <system-out/>
</testsuite> <!-- Day1.HTTPRequest_001 -->
