<?xml version="1.0" encoding="UTF-8"?>
<!-- Generated by org.testng.reporters.JUnitReportReporter -->
<testsuite hostname="DESKTOP-6FNI25S" failures="0" tests="1" name="Day5.ParsingXMLResponse" time="2.033" errors="0" timestamp="2023-09-02T22:14:04 IST" skipped="0">
  <testcase classname="Day5.ParsingXMLResponse" name="testXMLResponse2" time="2.033"/>
  <system-out/>
</testsuite> <!-- Day5.ParsingXMLResponse -->
