<?xml version="1.0" encoding="UTF-8"?>
<!-- Generated by org.testng.reporters.JUnitReportReporter -->
<testsuite hostname="DESKTOP-6FNI25S" failures="0" tests="1" name="Day6.JSONSchemaValidation" time="5.607" errors="0" timestamp="2023-09-04T23:47:20 IST" skipped="0">
  <testcase classname="Day6.JSONSchemaValidation" name="jsonschemavalidation" time="5.607"/>
  <system-out/>
</testsuite> <!-- Day6.JSONSchemaValidation -->
