<?xml version="1.0" encoding="UTF-8"?>
<!-- Generated by org.testng.reporters.JUnitReportReporter -->
<testsuite hostname="DESKTOP-6FNI25S" failures="0" tests="1" name="apirestassured.DiffWaysToCreatePostRequestBody" time="2.903" errors="0" timestamp="2023-08-29T12:08:59 IST" skipped="0">
  <testcase classname="apirestassured.DiffWaysToCreatePostRequestBody" name="CreatePostUsingExternalJson" time="2.903"/>
  <system-out/>
</testsuite> <!-- apirestassured.DiffWaysToCreatePostRequestBody -->
