<?xml version="1.0" encoding="UTF-8"?>
<!-- Generated by org.testng.reporters.JUnitReportReporter -->
<testsuite hostname="DESKTOP-6FNI25S" failures="0" tests="5" name="apirestassured.HTTPRequest" time="7.125" errors="0" timestamp="2023-08-28T12:32:26 IST" skipped="0">
  <testcase classname="apirestassured.HTTPRequest" name="getUsers" time="2.800"/>
  <system-out/>
  <testcase classname="apirestassured.HTTPRequest" name="getUser" time="0.679"/>
  <system-out/>
  <testcase classname="apirestassured.HTTPRequest" name="createUser" time="1.193"/>
  <system-out/>
  <testcase classname="apirestassured.HTTPRequest" name="updateUser" time="1.265"/>
  <system-out/>
  <testcase classname="apirestassured.HTTPRequest" name="deleteUser" time="1.188"/>
  <system-out/>
</testsuite> <!-- apirestassured.HTTPRequest -->
