<?xml version="1.0" encoding="UTF-8"?>
<!-- Generated by org.testng.reporters.JUnitReportReporter -->
<testsuite hostname="DESKTOP-6FNI25S" failures="0" tests="1" name="Day3.CookiesDemo_001" time="2.252" errors="0" timestamp="2023-09-01T12:50:34 IST" skipped="0">
  <testcase classname="Day3.CookiesDemo_001" name="testCookies_Info" time="2.252"/>
  <system-out/>
</testsuite> <!-- Day3.CookiesDemo_001 -->
