<?xml version="1.0" encoding="UTF-8"?>
<!-- Generated by org.testng.reporters.JUnitReportReporter -->
<testsuite hostname="DESKTOP-6FNI25S" failures="0" tests="1" name="Day7.Authentications" time="1.912" errors="0" timestamp="2023-09-09T11:59:34 IST" skipped="0">
  <testcase classname="Day7.Authentications" name="testOAuth_2Authentication" time="1.912"/>
  <system-out/>
</testsuite> <!-- Day7.Authentications -->
