<?xml version="1.0" encoding="UTF-8"?>
<!-- Generated by org.testng.reporters.JUnitReportReporter -->
<testsuite hostname="DESKTOP-6FNI25S" failures="0" tests="1" name="Day3.LoggingDemo" time="3.636" errors="0" timestamp="2023-09-01T12:01:34 IST" skipped="0">
  <testcase classname="Day3.LoggingDemo" name="testLogs" time="3.636"/>
  <system-out/>
</testsuite> <!-- Day3.LoggingDemo -->
