<?xml version="1.0" encoding="UTF-8"?>
<!-- Generated by org.testng.reporters.JUnitReportReporter -->
<testsuite hostname="DESKTOP-6FNI25S" failures="0" tests="1" name="apirestassured.CookiesDemo" time="4.065" errors="0" timestamp="2023-09-01T09:31:15 IST" skipped="0">
  <testcase classname="apirestassured.CookiesDemo" name="getCookiesInfo" time="4.065"/>
  <system-out/>
</testsuite> <!-- apirestassured.CookiesDemo -->
