<?xml version="1.0" encoding="UTF-8"?>
<!-- Generated by org.testng.reporters.JUnitReportReporter -->
<testsuite hostname="DESKTOP-6FNI25S" failures="0" tests="4" name="apirestassured.HTTPRequest_002" time="7.234" errors="0" timestamp="2023-08-28T17:28:51 IST" skipped="0">
  <testcase classname="apirestassured.HTTPRequest_002" name="getUser" time="0.352"/>
  <system-out/>
  <testcase classname="apirestassured.HTTPRequest_002" name="updateUser" time="0.756"/>
  <system-out/>
  <testcase classname="apirestassured.HTTPRequest_002" name="deleteUser" time="0.923"/>
  <system-out/>
  <testcase classname="apirestassured.HTTPRequest_002" name="creatUser" time="5.203"/>
  <system-out/>
</testsuite> <!-- apirestassured.HTTPRequest_002 -->
