<?xml version="1.0" encoding="UTF-8"?>
<!-- Generated by org.testng.reporters.JUnitReportReporter -->
<testsuite hostname="DESKTOP-6FNI25S" failures="0" tests="1" name="Day7.faker_testGenerateDummyData" time="0.187" errors="0" timestamp="2023-09-10T09:50:05 IST" skipped="0">
  <testcase classname="Day7.faker_testGenerateDummyData" name="testGenerateDummyData" time="0.187"/>
  <system-out/>
</testsuite> <!-- Day7.faker_testGenerateDummyData -->
