<?xml version="1.0" encoding="UTF-8"?>
<!-- Generated by org.testng.reporters.JUnitReportReporter -->
<testsuite hostname="DESKTOP-6FNI25S" failures="0" tests="1" name="Day4.ParsingJSONResponseData" time="2.373" errors="0" timestamp="2024-02-12T18:23:29 IST" skipped="0">
  <testcase classname="Day4.ParsingJSONResponseData" name="testJsonResponse" time="2.373"/>
  <system-out/>
</testsuite> <!-- Day4.ParsingJSONResponseData -->
