<?xml version="1.0" encoding="UTF-8"?>
<!-- Generated by org.testng.reporters.JUnitReportReporter -->
<testsuite hostname="DESKTOP-6FNI25S" failures="0" tests="1" name="apirestassured.HeaderDemo" time="4.820" errors="0" timestamp="2023-09-01T11:40:02 IST" skipped="0">
  <testcase classname="apirestassured.HeaderDemo" name="getHeader" time="4.820"/>
  <system-out/>
</testsuite> <!-- apirestassured.HeaderDemo -->
