<?xml version="1.0" encoding="UTF-8"?>
<!-- Generated by org.testng.reporters.JUnitReportReporter -->
<testsuite hostname="DESKTOP-6FNI25S" failures="0" tests="1" name="apirestassured.pathAndquaryParameter" time="3.569" errors="0" timestamp="2023-08-29T13:16:32 IST" skipped="0">
  <testcase classname="apirestassured.pathAndquaryParameter" name="testQueryAndPathParameter" time="3.569"/>
  <system-out/>
</testsuite> <!-- apirestassured.pathAndquaryParameter -->
